<?xml version="1.0" encoding="UTF-8"?>
<!-- Generated by org.testng.reporters.JUnitReportReporter -->
<testsuite skipped="0" hostname="Manendra_PC" name="MavenAcademy.MavenTest.SeleniumTest" tests="2" failures="0" timestamp="2020-06-09T00:55:31 EDT" time="0.014" errors="0">
  <testcase name="ElementsUI" time="0.002" classname="MavenAcademy.MavenTest.SeleniumTest"/>
  <system-out/>
  <testcase name="BrowserAutomation" time="0.012" classname="MavenAcademy.MavenTest.SeleniumTest"/>
  <system-out/>
</testsuite> <!-- MavenAcademy.MavenTest.SeleniumTest -->
