<?xml version="1.0" encoding="UTF-8"?>
<!-- Generated by org.testng.reporters.JUnitReportReporter -->
<testsuite skipped="0" hostname="Manendra_PC" name="MavenAcademy.MavenTest.RESTAPITest" tests="2" failures="0" timestamp="2020-05-17T17:38:45 EDT" time="0.002" errors="0">
  <testcase name="DeleteTwitter" time="0.001" classname="MavenAcademy.MavenTest.RESTAPITest"/>
  <system-out/>
  <testcase name="PostJira" time="0.001" classname="MavenAcademy.MavenTest.RESTAPITest"/>
  <system-out/>
</testsuite> <!-- MavenAcademy.MavenTest.RESTAPITest -->
