<?xml version="1.0" encoding="UTF-8"?>
<!-- Generated by org.testng.reporters.JUnitReportReporter -->
<testsuite skipped="0" hostname="Manendra_PC" name="MavenAcademy.MavenTest.AppiumTest" tests="2" failures="0" timestamp="2020-05-17T17:38:45 EDT" time="0.000" errors="0">
  <testcase name="NativeAndroidApp" time="0.000" classname="MavenAcademy.MavenTest.AppiumTest"/>
  <system-out/>
  <testcase name="IOSapp" time="0.000" classname="MavenAcademy.MavenTest.AppiumTest"/>
  <system-out/>
</testsuite> <!-- MavenAcademy.MavenTest.AppiumTest -->
