<?xml version="1.0" encoding="UTF-8"?>
<!-- Generated by org.testng.reporters.JUnitReportReporter -->
<testsuite skipped="0" hostname="Manendra_PC" name="MavenAcademy.MavenTest.SeleniumTest" tests="2" failures="0" timestamp="2020-05-17T17:38:45 EDT" time="0.006" errors="0">
  <testcase name="BrowserAutomation" time="0.005" classname="MavenAcademy.MavenTest.SeleniumTest"/>
  <system-out/>
  <testcase name="ElementsUI" time="0.001" classname="MavenAcademy.MavenTest.SeleniumTest"/>
  <system-out/>
</testsuite> <!-- MavenAcademy.MavenTest.SeleniumTest -->
